2012/02/17 23:44:39 [error] [php] Trying to get property of non-object (C:\xampp\htdocs\eventhis\protected\models\Utilizador.php:168)
Stack trace:
#0 C:\xampp\htdocs\yii\framework\web\CBaseController.php(88): SiteController->renderInternal()
#1 C:\xampp\htdocs\yii\framework\web\CController.php(866): SiteController->renderFile()
#2 C:\xampp\htdocs\eventhis\protected\views\layouts\main.php(36): SiteController->renderPartial()
#3 C:\xampp\htdocs\yii\framework\web\CBaseController.php(119): require()
#4 C:\xampp\htdocs\yii\framework\web\CBaseController.php(88): SiteController->renderInternal()
#5 C:\xampp\htdocs\yii\framework\web\widgets\CContentDecorator.php(78): SiteController->renderFile()
#6 C:\xampp\htdocs\yii\framework\web\widgets\CContentDecorator.php(56): CContentDecorator->decorate()
#7 C:\xampp\htdocs\yii\framework\web\widgets\COutputProcessor.php(45): CContentDecorator->processOutput()
#8 C:\xampp\htdocs\yii\framework\web\CBaseController.php(199): CContentDecorator->run()
#9 C:\xampp\htdocs\yii\framework\web\CBaseController.php(294): SiteController->endWidget()
#10 C:\xampp\htdocs\eventhis\protected\views\layouts\column1.php(7): SiteController->endContent()
#11 C:\xampp\htdocs\yii\framework\web\CBaseController.php(119): require()
#12 C:\xampp\htdocs\yii\framework\web\CBaseController.php(88): SiteController->renderInternal()
#13 C:\xampp\htdocs\yii\framework\web\CController.php(781): SiteController->renderFile()
#14 C:\xampp\htdocs\eventhis\protected\controllers\SiteController.php(31): SiteController->render()
#15 C:\xampp\htdocs\yii\framework\web\actions\CInlineAction.php(50): SiteController->actionIndex()
#16 C:\xampp\htdocs\yii\framework\web\CController.php(300): CInlineAction->runWithParams()
#17 C:\xampp\htdocs\yii\framework\web\CController.php(278): SiteController->runAction()
#18 C:\xampp\htdocs\yii\framework\web\CController.php(257): SiteController->runActionWithFilters()
#19 C:\xampp\htdocs\yii\framework\web\CWebApplication.php(277): SiteController->run()
#20 C:\xampp\htdocs\yii\framework\web\CWebApplication.php(136): CWebApplication->runController()
#21 C:\xampp\htdocs\yii\framework\base\CApplication.php(158): CWebApplication->processRequest()
#22 C:\xampp\htdocs\eventhis\index.php(13): CWebApplication->run()
REQUEST_URI=/eventhis/index.php
in C:\xampp\htdocs\eventhis\protected\models\Utilizador.php (168)
in C:\xampp\htdocs\eventhis\protected\views\utils\LoginUtil.php (56)
in C:\xampp\htdocs\eventhis\protected\views\layouts\main.php (36)
2012/02/17 23:44:54 [error] [php] Trying to get property of non-object (C:\xampp\htdocs\eventhis\protected\models\Utilizador.php:168)
Stack trace:
#0 C:\xampp\htdocs\yii\framework\web\CBaseController.php(88): SiteController->renderInternal()
#1 C:\xampp\htdocs\yii\framework\web\CController.php(866): SiteController->renderFile()
#2 C:\xampp\htdocs\eventhis\protected\views\layouts\main.php(36): SiteController->renderPartial()
#3 C:\xampp\htdocs\yii\framework\web\CBaseController.php(119): require()
#4 C:\xampp\htdocs\yii\framework\web\CBaseController.php(88): SiteController->renderInternal()
#5 C:\xampp\htdocs\yii\framework\web\widgets\CContentDecorator.php(78): SiteController->renderFile()
#6 C:\xampp\htdocs\yii\framework\web\widgets\CContentDecorator.php(56): CContentDecorator->decorate()
#7 C:\xampp\htdocs\yii\framework\web\widgets\COutputProcessor.php(45): CContentDecorator->processOutput()
#8 C:\xampp\htdocs\yii\framework\web\CBaseController.php(199): CContentDecorator->run()
#9 C:\xampp\htdocs\yii\framework\web\CBaseController.php(294): SiteController->endWidget()
#10 C:\xampp\htdocs\eventhis\protected\views\layouts\column1.php(7): SiteController->endContent()
#11 C:\xampp\htdocs\yii\framework\web\CBaseController.php(119): require()
#12 C:\xampp\htdocs\yii\framework\web\CBaseController.php(88): SiteController->renderInternal()
#13 C:\xampp\htdocs\yii\framework\web\CController.php(781): SiteController->renderFile()
#14 C:\xampp\htdocs\eventhis\protected\controllers\SiteController.php(31): SiteController->render()
#15 C:\xampp\htdocs\yii\framework\web\actions\CInlineAction.php(50): SiteController->actionIndex()
#16 C:\xampp\htdocs\yii\framework\web\CController.php(300): CInlineAction->runWithParams()
#17 C:\xampp\htdocs\yii\framework\web\CController.php(278): SiteController->runAction()
#18 C:\xampp\htdocs\yii\framework\web\CController.php(257): SiteController->runActionWithFilters()
#19 C:\xampp\htdocs\yii\framework\web\CWebApplication.php(277): SiteController->run()
#20 C:\xampp\htdocs\yii\framework\web\CWebApplication.php(136): CWebApplication->runController()
#21 C:\xampp\htdocs\yii\framework\base\CApplication.php(158): CWebApplication->processRequest()
#22 C:\xampp\htdocs\eventhis\index.php(13): CWebApplication->run()
REQUEST_URI=/eventhis/index.php
in C:\xampp\htdocs\eventhis\protected\models\Utilizador.php (168)
in C:\xampp\htdocs\eventhis\protected\views\utils\LoginUtil.php (56)
in C:\xampp\htdocs\eventhis\protected\views\layouts\main.php (36)
2012/02/17 23:44:56 [error] [php] Trying to get property of non-object (C:\xampp\htdocs\eventhis\protected\models\Utilizador.php:168)
Stack trace:
#0 C:\xampp\htdocs\yii\framework\web\CBaseController.php(88): SiteController->renderInternal()
#1 C:\xampp\htdocs\yii\framework\web\CController.php(866): SiteController->renderFile()
#2 C:\xampp\htdocs\eventhis\protected\views\layouts\main.php(36): SiteController->renderPartial()
#3 C:\xampp\htdocs\yii\framework\web\CBaseController.php(119): require()
#4 C:\xampp\htdocs\yii\framework\web\CBaseController.php(88): SiteController->renderInternal()
#5 C:\xampp\htdocs\yii\framework\web\widgets\CContentDecorator.php(78): SiteController->renderFile()
#6 C:\xampp\htdocs\yii\framework\web\widgets\CContentDecorator.php(56): CContentDecorator->decorate()
#7 C:\xampp\htdocs\yii\framework\web\widgets\COutputProcessor.php(45): CContentDecorator->processOutput()
#8 C:\xampp\htdocs\yii\framework\web\CBaseController.php(199): CContentDecorator->run()
#9 C:\xampp\htdocs\yii\framework\web\CBaseController.php(294): SiteController->endWidget()
#10 C:\xampp\htdocs\eventhis\protected\views\layouts\column1.php(7): SiteController->endContent()
#11 C:\xampp\htdocs\yii\framework\web\CBaseController.php(119): require()
#12 C:\xampp\htdocs\yii\framework\web\CBaseController.php(88): SiteController->renderInternal()
#13 C:\xampp\htdocs\yii\framework\web\CController.php(781): SiteController->renderFile()
#14 C:\xampp\htdocs\eventhis\protected\controllers\SiteController.php(31): SiteController->render()
#15 C:\xampp\htdocs\yii\framework\web\actions\CInlineAction.php(50): SiteController->actionIndex()
#16 C:\xampp\htdocs\yii\framework\web\CController.php(300): CInlineAction->runWithParams()
#17 C:\xampp\htdocs\yii\framework\web\CController.php(278): SiteController->runAction()
#18 C:\xampp\htdocs\yii\framework\web\CController.php(257): SiteController->runActionWithFilters()
#19 C:\xampp\htdocs\yii\framework\web\CWebApplication.php(277): SiteController->run()
#20 C:\xampp\htdocs\yii\framework\web\CWebApplication.php(136): CWebApplication->runController()
#21 C:\xampp\htdocs\yii\framework\base\CApplication.php(158): CWebApplication->processRequest()
#22 C:\xampp\htdocs\eventhis\index.php(13): CWebApplication->run()
REQUEST_URI=/eventhis/index.php
in C:\xampp\htdocs\eventhis\protected\models\Utilizador.php (168)
in C:\xampp\htdocs\eventhis\protected\views\utils\LoginUtil.php (56)
in C:\xampp\htdocs\eventhis\protected\views\layouts\main.php (36)
2012/02/17 23:45:00 [error] [php] Trying to get property of non-object (C:\xampp\htdocs\eventhis\protected\models\Utilizador.php:168)
Stack trace:
#0 C:\xampp\htdocs\yii\framework\web\CBaseController.php(88): PesquisaController->renderInternal()
#1 C:\xampp\htdocs\yii\framework\web\CController.php(866): PesquisaController->renderFile()
#2 C:\xampp\htdocs\eventhis\protected\views\layouts\main.php(36): PesquisaController->renderPartial()
#3 C:\xampp\htdocs\yii\framework\web\CBaseController.php(119): require()
#4 C:\xampp\htdocs\yii\framework\web\CBaseController.php(88): PesquisaController->renderInternal()
#5 C:\xampp\htdocs\yii\framework\web\widgets\CContentDecorator.php(78): PesquisaController->renderFile()
#6 C:\xampp\htdocs\yii\framework\web\widgets\CContentDecorator.php(56): CContentDecorator->decorate()
#7 C:\xampp\htdocs\yii\framework\web\widgets\COutputProcessor.php(45): CContentDecorator->processOutput()
#8 C:\xampp\htdocs\yii\framework\web\CBaseController.php(199): CContentDecorator->run()
#9 C:\xampp\htdocs\yii\framework\web\CBaseController.php(294): PesquisaController->endWidget()
#10 C:\xampp\htdocs\eventhis\protected\views\layouts\column2.php(32): PesquisaController->endContent()
#11 C:\xampp\htdocs\yii\framework\web\CBaseController.php(119): require()
#12 C:\xampp\htdocs\yii\framework\web\CBaseController.php(88): PesquisaController->renderInternal()
#13 C:\xampp\htdocs\yii\framework\web\CController.php(781): PesquisaController->renderFile()
#14 C:\xampp\htdocs\eventhis\protected\controllers\PesquisaController.php(38): PesquisaController->render()
#15 C:\xampp\htdocs\yii\framework\web\actions\CInlineAction.php(50): PesquisaController->actionPesquisa()
#16 C:\xampp\htdocs\yii\framework\web\CController.php(300): CInlineAction->runWithParams()
#17 C:\xampp\htdocs\yii\framework\web\filters\CFilterChain.php(134): PesquisaController->runAction()
#18 C:\xampp\htdocs\yii\framework\web\filters\CFilter.php(41): CFilterChain->run()
#19 C:\xampp\htdocs\yii\framework\web\CController.php(1144): CAccessControlFilter->filter()
#20 C:\xampp\htdocs\yii\framework\web\filters\CInlineFilter.php(59): PesquisaController->filterAccessControl()
#21 C:\xampp\htdocs\yii\framework\web\filters\CFilterChain.php(131): CInlineFilter->filter()
#22 C:\xampp\htdocs\yii\framework\web\CController.php(283): CFilterChain->run()
#23 C:\xampp\htdocs\yii\framework\web\CController.php(257): PesquisaController->runActionWithFilters()
#24 C:\xampp\htdocs\yii\framework\web\CWebApplication.php(277): PesquisaController->run()
#25 C:\xampp\htdocs\yii\framework\web\CWebApplication.php(136): CWebApplication->runController()
#26 C:\xampp\htdocs\yii\framework\base\CApplication.php(158): CWebApplication->processRequest()
#27 C:\xampp\htdocs\eventhis\index.php(13): CWebApplication->run()
REQUEST_URI=/eventhis/index.php?r=pesquisa/pesquisa
in C:\xampp\htdocs\eventhis\protected\models\Utilizador.php (168)
in C:\xampp\htdocs\eventhis\protected\views\utils\LoginUtil.php (56)
in C:\xampp\htdocs\eventhis\protected\views\layouts\main.php (36)
2012/02/17 23:45:01 [error] [php] Trying to get property of non-object (C:\xampp\htdocs\eventhis\protected\models\Utilizador.php:168)
Stack trace:
#0 C:\xampp\htdocs\yii\framework\web\CBaseController.php(88): SiteController->renderInternal()
#1 C:\xampp\htdocs\yii\framework\web\CController.php(866): SiteController->renderFile()
#2 C:\xampp\htdocs\eventhis\protected\views\layouts\main.php(36): SiteController->renderPartial()
#3 C:\xampp\htdocs\yii\framework\web\CBaseController.php(119): require()
#4 C:\xampp\htdocs\yii\framework\web\CBaseController.php(88): SiteController->renderInternal()
#5 C:\xampp\htdocs\yii\framework\web\widgets\CContentDecorator.php(78): SiteController->renderFile()
#6 C:\xampp\htdocs\yii\framework\web\widgets\CContentDecorator.php(56): CContentDecorator->decorate()
#7 C:\xampp\htdocs\yii\framework\web\widgets\COutputProcessor.php(45): CContentDecorator->processOutput()
#8 C:\xampp\htdocs\yii\framework\web\CBaseController.php(199): CContentDecorator->run()
#9 C:\xampp\htdocs\yii\framework\web\CBaseController.php(294): SiteController->endWidget()
#10 C:\xampp\htdocs\eventhis\protected\views\layouts\column1.php(7): SiteController->endContent()
#11 C:\xampp\htdocs\yii\framework\web\CBaseController.php(119): require()
#12 C:\xampp\htdocs\yii\framework\web\CBaseController.php(88): SiteController->renderInternal()
#13 C:\xampp\htdocs\yii\framework\web\CController.php(781): SiteController->renderFile()
#14 C:\xampp\htdocs\eventhis\protected\controllers\SiteController.php(31): SiteController->render()
#15 C:\xampp\htdocs\yii\framework\web\actions\CInlineAction.php(50): SiteController->actionIndex()
#16 C:\xampp\htdocs\yii\framework\web\CController.php(300): CInlineAction->runWithParams()
#17 C:\xampp\htdocs\yii\framework\web\CController.php(278): SiteController->runAction()
#18 C:\xampp\htdocs\yii\framework\web\CController.php(257): SiteController->runActionWithFilters()
#19 C:\xampp\htdocs\yii\framework\web\CWebApplication.php(277): SiteController->run()
#20 C:\xampp\htdocs\yii\framework\web\CWebApplication.php(136): CWebApplication->runController()
#21 C:\xampp\htdocs\yii\framework\base\CApplication.php(158): CWebApplication->processRequest()
#22 C:\xampp\htdocs\eventhis\index.php(13): CWebApplication->run()
REQUEST_URI=/eventhis/index.php
in C:\xampp\htdocs\eventhis\protected\models\Utilizador.php (168)
in C:\xampp\htdocs\eventhis\protected\views\utils\LoginUtil.php (56)
in C:\xampp\htdocs\eventhis\protected\views\layouts\main.php (36)
2012/02/17 23:45:02 [error] [php] Trying to get property of non-object (C:\xampp\htdocs\eventhis\protected\models\Utilizador.php:168)
Stack trace:
#0 C:\xampp\htdocs\yii\framework\web\CBaseController.php(88): PesquisaController->renderInternal()
#1 C:\xampp\htdocs\yii\framework\web\CController.php(866): PesquisaController->renderFile()
#2 C:\xampp\htdocs\eventhis\protected\views\layouts\main.php(36): PesquisaController->renderPartial()
#3 C:\xampp\htdocs\yii\framework\web\CBaseController.php(119): require()
#4 C:\xampp\htdocs\yii\framework\web\CBaseController.php(88): PesquisaController->renderInternal()
#5 C:\xampp\htdocs\yii\framework\web\widgets\CContentDecorator.php(78): PesquisaController->renderFile()
#6 C:\xampp\htdocs\yii\framework\web\widgets\CContentDecorator.php(56): CContentDecorator->decorate()
#7 C:\xampp\htdocs\yii\framework\web\widgets\COutputProcessor.php(45): CContentDecorator->processOutput()
#8 C:\xampp\htdocs\yii\framework\web\CBaseController.php(199): CContentDecorator->run()
#9 C:\xampp\htdocs\yii\framework\web\CBaseController.php(294): PesquisaController->endWidget()
#10 C:\xampp\htdocs\eventhis\protected\views\layouts\column2.php(32): PesquisaController->endContent()
#11 C:\xampp\htdocs\yii\framework\web\CBaseController.php(119): require()
#12 C:\xampp\htdocs\yii\framework\web\CBaseController.php(88): PesquisaController->renderInternal()
#13 C:\xampp\htdocs\yii\framework\web\CController.php(781): PesquisaController->renderFile()
#14 C:\xampp\htdocs\eventhis\protected\controllers\PesquisaController.php(38): PesquisaController->render()
#15 C:\xampp\htdocs\yii\framework\web\actions\CInlineAction.php(50): PesquisaController->actionPesquisa()
#16 C:\xampp\htdocs\yii\framework\web\CController.php(300): CInlineAction->runWithParams()
#17 C:\xampp\htdocs\yii\framework\web\filters\CFilterChain.php(134): PesquisaController->runAction()
#18 C:\xampp\htdocs\yii\framework\web\filters\CFilter.php(41): CFilterChain->run()
#19 C:\xampp\htdocs\yii\framework\web\CController.php(1144): CAccessControlFilter->filter()
#20 C:\xampp\htdocs\yii\framework\web\filters\CInlineFilter.php(59): PesquisaController->filterAccessControl()
#21 C:\xampp\htdocs\yii\framework\web\filters\CFilterChain.php(131): CInlineFilter->filter()
#22 C:\xampp\htdocs\yii\framework\web\CController.php(283): CFilterChain->run()
#23 C:\xampp\htdocs\yii\framework\web\CController.php(257): PesquisaController->runActionWithFilters()
#24 C:\xampp\htdocs\yii\framework\web\CWebApplication.php(277): PesquisaController->run()
#25 C:\xampp\htdocs\yii\framework\web\CWebApplication.php(136): CWebApplication->runController()
#26 C:\xampp\htdocs\yii\framework\base\CApplication.php(158): CWebApplication->processRequest()
#27 C:\xampp\htdocs\eventhis\index.php(13): CWebApplication->run()
REQUEST_URI=/eventhis/index.php?r=pesquisa/pesquisa
in C:\xampp\htdocs\eventhis\protected\models\Utilizador.php (168)
in C:\xampp\htdocs\eventhis\protected\views\utils\LoginUtil.php (56)
in C:\xampp\htdocs\eventhis\protected\views\layouts\main.php (36)
2012/02/17 23:45:02 [error] [php] Trying to get property of non-object (C:\xampp\htdocs\eventhis\protected\models\Utilizador.php:168)
Stack trace:
#0 C:\xampp\htdocs\yii\framework\web\CBaseController.php(88): SiteController->renderInternal()
#1 C:\xampp\htdocs\yii\framework\web\CController.php(866): SiteController->renderFile()
#2 C:\xampp\htdocs\eventhis\protected\views\layouts\main.php(36): SiteController->renderPartial()
#3 C:\xampp\htdocs\yii\framework\web\CBaseController.php(119): require()
#4 C:\xampp\htdocs\yii\framework\web\CBaseController.php(88): SiteController->renderInternal()
#5 C:\xampp\htdocs\yii\framework\web\widgets\CContentDecorator.php(78): SiteController->renderFile()
#6 C:\xampp\htdocs\yii\framework\web\widgets\CContentDecorator.php(56): CContentDecorator->decorate()
#7 C:\xampp\htdocs\yii\framework\web\widgets\COutputProcessor.php(45): CContentDecorator->processOutput()
#8 C:\xampp\htdocs\yii\framework\web\CBaseController.php(199): CContentDecorator->run()
#9 C:\xampp\htdocs\yii\framework\web\CBaseController.php(294): SiteController->endWidget()
#10 C:\xampp\htdocs\eventhis\protected\views\layouts\column1.php(7): SiteController->endContent()
#11 C:\xampp\htdocs\yii\framework\web\CBaseController.php(119): require()
#12 C:\xampp\htdocs\yii\framework\web\CBaseController.php(88): SiteController->renderInternal()
#13 C:\xampp\htdocs\yii\framework\web\CController.php(781): SiteController->renderFile()
#14 C:\xampp\htdocs\eventhis\protected\controllers\SiteController.php(31): SiteController->render()
#15 C:\xampp\htdocs\yii\framework\web\actions\CInlineAction.php(50): SiteController->actionIndex()
#16 C:\xampp\htdocs\yii\framework\web\CController.php(300): CInlineAction->runWithParams()
#17 C:\xampp\htdocs\yii\framework\web\CController.php(278): SiteController->runAction()
#18 C:\xampp\htdocs\yii\framework\web\CController.php(257): SiteController->runActionWithFilters()
#19 C:\xampp\htdocs\yii\framework\web\CWebApplication.php(277): SiteController->run()
#20 C:\xampp\htdocs\yii\framework\web\CWebApplication.php(136): CWebApplication->runController()
#21 C:\xampp\htdocs\yii\framework\base\CApplication.php(158): CWebApplication->processRequest()
#22 C:\xampp\htdocs\eventhis\index.php(13): CWebApplication->run()
REQUEST_URI=/eventhis/index.php?r=site/index
in C:\xampp\htdocs\eventhis\protected\models\Utilizador.php (168)
in C:\xampp\htdocs\eventhis\protected\views\utils\LoginUtil.php (56)
in C:\xampp\htdocs\eventhis\protected\views\layouts\main.php (36)
2012/02/17 23:45:03 [error] [php] Trying to get property of non-object (C:\xampp\htdocs\eventhis\protected\models\Utilizador.php:168)
Stack trace:
#0 C:\xampp\htdocs\yii\framework\web\CBaseController.php(88): SiteController->renderInternal()
#1 C:\xampp\htdocs\yii\framework\web\CController.php(866): SiteController->renderFile()
#2 C:\xampp\htdocs\eventhis\protected\views\layouts\main.php(36): SiteController->renderPartial()
#3 C:\xampp\htdocs\yii\framework\web\CBaseController.php(119): require()
#4 C:\xampp\htdocs\yii\framework\web\CBaseController.php(88): SiteController->renderInternal()
#5 C:\xampp\htdocs\yii\framework\web\widgets\CContentDecorator.php(78): SiteController->renderFile()
#6 C:\xampp\htdocs\yii\framework\web\widgets\CContentDecorator.php(56): CContentDecorator->decorate()
#7 C:\xampp\htdocs\yii\framework\web\widgets\COutputProcessor.php(45): CContentDecorator->processOutput()
#8 C:\xampp\htdocs\yii\framework\web\CBaseController.php(199): CContentDecorator->run()
#9 C:\xampp\htdocs\yii\framework\web\CBaseController.php(294): SiteController->endWidget()
#10 C:\xampp\htdocs\eventhis\protected\views\layouts\column1.php(7): SiteController->endContent()
#11 C:\xampp\htdocs\yii\framework\web\CBaseController.php(119): require()
#12 C:\xampp\htdocs\yii\framework\web\CBaseController.php(88): SiteController->renderInternal()
#13 C:\xampp\htdocs\yii\framework\web\CController.php(781): SiteController->renderFile()
#14 C:\xampp\htdocs\eventhis\protected\controllers\SiteController.php(31): SiteController->render()
#15 C:\xampp\htdocs\yii\framework\web\actions\CInlineAction.php(50): SiteController->actionIndex()
#16 C:\xampp\htdocs\yii\framework\web\CController.php(300): CInlineAction->runWithParams()
#17 C:\xampp\htdocs\yii\framework\web\CController.php(278): SiteController->runAction()
#18 C:\xampp\htdocs\yii\framework\web\CController.php(257): SiteController->runActionWithFilters()
#19 C:\xampp\htdocs\yii\framework\web\CWebApplication.php(277): SiteController->run()
#20 C:\xampp\htdocs\yii\framework\web\CWebApplication.php(136): CWebApplication->runController()
#21 C:\xampp\htdocs\yii\framework\base\CApplication.php(158): CWebApplication->processRequest()
#22 C:\xampp\htdocs\eventhis\index.php(13): CWebApplication->run()
REQUEST_URI=/eventhis/index.php
in C:\xampp\htdocs\eventhis\protected\models\Utilizador.php (168)
in C:\xampp\htdocs\eventhis\protected\views\utils\LoginUtil.php (56)
in C:\xampp\htdocs\eventhis\protected\views\layouts\main.php (36)
2012/02/17 23:45:03 [error] [php] Trying to get property of non-object (C:\xampp\htdocs\eventhis\protected\controllers\PageventoController.php:63)
Stack trace:
#0 C:\xampp\htdocs\yii\framework\web\actions\CInlineAction.php(48): CInlineAction->runWithParamsInternal()
#1 C:\xampp\htdocs\yii\framework\web\CController.php(300): CInlineAction->runWithParams()
#2 C:\xampp\htdocs\yii\framework\web\filters\CFilterChain.php(134): PageventoController->runAction()
#3 C:\xampp\htdocs\yii\framework\web\filters\CFilter.php(41): CFilterChain->run()
#4 C:\xampp\htdocs\yii\framework\web\CController.php(1144): CAccessControlFilter->filter()
#5 C:\xampp\htdocs\yii\framework\web\filters\CInlineFilter.php(59): PageventoController->filterAccessControl()
#6 C:\xampp\htdocs\yii\framework\web\filters\CFilterChain.php(131): CInlineFilter->filter()
#7 C:\xampp\htdocs\yii\framework\web\CController.php(283): CFilterChain->run()
#8 C:\xampp\htdocs\yii\framework\web\CController.php(257): PageventoController->runActionWithFilters()
#9 C:\xampp\htdocs\yii\framework\web\CWebApplication.php(277): PageventoController->run()
#10 C:\xampp\htdocs\yii\framework\web\CWebApplication.php(136): CWebApplication->runController()
#11 C:\xampp\htdocs\yii\framework\base\CApplication.php(158): CWebApplication->processRequest()
#12 C:\xampp\htdocs\eventhis\index.php(13): CWebApplication->run()
REQUEST_URI=/eventhis/index.php?r=pagevento/index&id=3
in C:\xampp\htdocs\eventhis\protected\controllers\PageventoController.php (63)
in C:\xampp\htdocs\eventhis\index.php (13)
2012/02/17 23:45:03 [error] [php] Trying to get property of non-object (C:\xampp\htdocs\eventhis\protected\controllers\FavoritosController.php:31)
Stack trace:
#0 C:\xampp\htdocs\yii\framework\web\filters\CFilterChain.php(134): FavoritosController->runAction()
#1 C:\xampp\htdocs\yii\framework\web\filters\CFilter.php(41): CFilterChain->run()
#2 C:\xampp\htdocs\yii\framework\web\CController.php(1144): CAccessControlFilter->filter()
#3 C:\xampp\htdocs\yii\framework\web\filters\CInlineFilter.php(59): FavoritosController->filterAccessControl()
#4 C:\xampp\htdocs\yii\framework\web\filters\CFilterChain.php(131): CInlineFilter->filter()
#5 C:\xampp\htdocs\yii\framework\web\CController.php(283): CFilterChain->run()
#6 C:\xampp\htdocs\yii\framework\web\CController.php(257): FavoritosController->runActionWithFilters()
#7 C:\xampp\htdocs\yii\framework\web\CWebApplication.php(277): FavoritosController->run()
#8 C:\xampp\htdocs\yii\framework\web\CWebApplication.php(136): CWebApplication->runController()
#9 C:\xampp\htdocs\yii\framework\base\CApplication.php(158): CWebApplication->processRequest()
#10 C:\xampp\htdocs\eventhis\index.php(13): CWebApplication->run()
REQUEST_URI=/eventhis/index.php?r=favoritos/index
in C:\xampp\htdocs\eventhis\protected\controllers\FavoritosController.php (31)
in C:\xampp\htdocs\eventhis\index.php (13)
2012/02/17 23:45:03 [error] [php] Trying to get property of non-object (C:\xampp\htdocs\eventhis\protected\controllers\PageventoController.php:63)
Stack trace:
#0 C:\xampp\htdocs\yii\framework\web\actions\CInlineAction.php(48): CInlineAction->runWithParamsInternal()
#1 C:\xampp\htdocs\yii\framework\web\CController.php(300): CInlineAction->runWithParams()
#2 C:\xampp\htdocs\yii\framework\web\filters\CFilterChain.php(134): PageventoController->runAction()
#3 C:\xampp\htdocs\yii\framework\web\filters\CFilter.php(41): CFilterChain->run()
#4 C:\xampp\htdocs\yii\framework\web\CController.php(1144): CAccessControlFilter->filter()
#5 C:\xampp\htdocs\yii\framework\web\filters\CInlineFilter.php(59): PageventoController->filterAccessControl()
#6 C:\xampp\htdocs\yii\framework\web\filters\CFilterChain.php(131): CInlineFilter->filter()
#7 C:\xampp\htdocs\yii\framework\web\CController.php(283): CFilterChain->run()
#8 C:\xampp\htdocs\yii\framework\web\CController.php(257): PageventoController->runActionWithFilters()
#9 C:\xampp\htdocs\yii\framework\web\CWebApplication.php(277): PageventoController->run()
#10 C:\xampp\htdocs\yii\framework\web\CWebApplication.php(136): CWebApplication->runController()
#11 C:\xampp\htdocs\yii\framework\base\CApplication.php(158): CWebApplication->processRequest()
#12 C:\xampp\htdocs\eventhis\index.php(13): CWebApplication->run()
REQUEST_URI=/eventhis/index.php?r=pagevento/index&id=3
in C:\xampp\htdocs\eventhis\protected\controllers\PageventoController.php (63)
in C:\xampp\htdocs\eventhis\index.php (13)
2012/02/17 23:45:03 [error] [php] Trying to get property of non-object (C:\xampp\htdocs\eventhis\protected\controllers\PageventoController.php:63)
Stack trace:
#0 C:\xampp\htdocs\yii\framework\web\actions\CInlineAction.php(48): CInlineAction->runWithParamsInternal()
#1 C:\xampp\htdocs\yii\framework\web\CController.php(300): CInlineAction->runWithParams()
#2 C:\xampp\htdocs\yii\framework\web\filters\CFilterChain.php(134): PageventoController->runAction()
#3 C:\xampp\htdocs\yii\framework\web\filters\CFilter.php(41): CFilterChain->run()
#4 C:\xampp\htdocs\yii\framework\web\CController.php(1144): CAccessControlFilter->filter()
#5 C:\xampp\htdocs\yii\framework\web\filters\CInlineFilter.php(59): PageventoController->filterAccessControl()
#6 C:\xampp\htdocs\yii\framework\web\filters\CFilterChain.php(131): CInlineFilter->filter()
#7 C:\xampp\htdocs\yii\framework\web\CController.php(283): CFilterChain->run()
#8 C:\xampp\htdocs\yii\framework\web\CController.php(257): PageventoController->runActionWithFilters()
#9 C:\xampp\htdocs\yii\framework\web\CWebApplication.php(277): PageventoController->run()
#10 C:\xampp\htdocs\yii\framework\web\CWebApplication.php(136): CWebApplication->runController()
#11 C:\xampp\htdocs\yii\framework\base\CApplication.php(158): CWebApplication->processRequest()
#12 C:\xampp\htdocs\eventhis\index.php(13): CWebApplication->run()
REQUEST_URI=/eventhis/index.php?r=pagevento/index&id=3
in C:\xampp\htdocs\eventhis\protected\controllers\PageventoController.php (63)
in C:\xampp\htdocs\eventhis\index.php (13)
2012/02/17 23:45:04 [error] [php] Trying to get property of non-object (C:\xampp\htdocs\eventhis\protected\models\Utilizador.php:168)
Stack trace:
#0 C:\xampp\htdocs\yii\framework\web\CBaseController.php(88): EventoController->renderInternal()
#1 C:\xampp\htdocs\yii\framework\web\CController.php(866): EventoController->renderFile()
#2 C:\xampp\htdocs\eventhis\protected\views\layouts\main.php(36): EventoController->renderPartial()
#3 C:\xampp\htdocs\yii\framework\web\CBaseController.php(119): require()
#4 C:\xampp\htdocs\yii\framework\web\CBaseController.php(88): EventoController->renderInternal()
#5 C:\xampp\htdocs\yii\framework\web\widgets\CContentDecorator.php(78): EventoController->renderFile()
#6 C:\xampp\htdocs\yii\framework\web\widgets\CContentDecorator.php(56): CContentDecorator->decorate()
#7 C:\xampp\htdocs\yii\framework\web\widgets\COutputProcessor.php(45): CContentDecorator->processOutput()
#8 C:\xampp\htdocs\yii\framework\web\CBaseController.php(199): CContentDecorator->run()
#9 C:\xampp\htdocs\yii\framework\web\CBaseController.php(294): EventoController->endWidget()
#10 C:\xampp\htdocs\eventhis\protected\views\layouts\column2.php(32): EventoController->endContent()
#11 C:\xampp\htdocs\yii\framework\web\CBaseController.php(119): require()
#12 C:\xampp\htdocs\yii\framework\web\CBaseController.php(88): EventoController->renderInternal()
#13 C:\xampp\htdocs\yii\framework\web\CController.php(781): EventoController->renderFile()
#14 C:\xampp\htdocs\eventhis\protected\controllers\EventoController.php(99): EventoController->render()
#15 C:\xampp\htdocs\yii\framework\web\actions\CInlineAction.php(50): EventoController->actionCreate()
#16 C:\xampp\htdocs\yii\framework\web\CController.php(300): CInlineAction->runWithParams()
#17 C:\xampp\htdocs\yii\framework\web\filters\CFilterChain.php(134): EventoController->runAction()
#18 C:\xampp\htdocs\yii\framework\web\filters\CFilter.php(41): CFilterChain->run()
#19 C:\xampp\htdocs\yii\framework\web\CController.php(1144): CAccessControlFilter->filter()
#20 C:\xampp\htdocs\yii\framework\web\filters\CInlineFilter.php(59): EventoController->filterAccessControl()
#21 C:\xampp\htdocs\yii\framework\web\filters\CFilterChain.php(131): CInlineFilter->filter()
#22 C:\xampp\htdocs\yii\framework\web\CController.php(283): CFilterChain->run()
#23 C:\xampp\htdocs\yii\framework\web\CController.php(257): EventoController->runActionWithFilters()
#24 C:\xampp\htdocs\yii\framework\web\CWebApplication.php(277): EventoController->run()
#25 C:\xampp\htdocs\yii\framework\web\CWebApplication.php(136): CWebApplication->runController()
#26 C:\xampp\htdocs\yii\framework\base\CApplication.php(158): CWebApplication->processRequest()
#27 C:\xampp\htdocs\eventhis\index.php(13): CWebApplication->run()
REQUEST_URI=/eventhis/index.php?r=evento/create
in C:\xampp\htdocs\eventhis\protected\models\Utilizador.php (168)
in C:\xampp\htdocs\eventhis\protected\views\utils\LoginUtil.php (56)
in C:\xampp\htdocs\eventhis\protected\views\layouts\main.php (36)
2012/02/17 23:45:04 [error] [php] Trying to get property of non-object (C:\xampp\htdocs\eventhis\protected\controllers\PageventoController.php:63)
Stack trace:
#0 C:\xampp\htdocs\yii\framework\web\actions\CInlineAction.php(48): CInlineAction->runWithParamsInternal()
#1 C:\xampp\htdocs\yii\framework\web\CController.php(300): CInlineAction->runWithParams()
#2 C:\xampp\htdocs\yii\framework\web\filters\CFilterChain.php(134): PageventoController->runAction()
#3 C:\xampp\htdocs\yii\framework\web\filters\CFilter.php(41): CFilterChain->run()
#4 C:\xampp\htdocs\yii\framework\web\CController.php(1144): CAccessControlFilter->filter()
#5 C:\xampp\htdocs\yii\framework\web\filters\CInlineFilter.php(59): PageventoController->filterAccessControl()
#6 C:\xampp\htdocs\yii\framework\web\filters\CFilterChain.php(131): CInlineFilter->filter()
#7 C:\xampp\htdocs\yii\framework\web\CController.php(283): CFilterChain->run()
#8 C:\xampp\htdocs\yii\framework\web\CController.php(257): PageventoController->runActionWithFilters()
#9 C:\xampp\htdocs\yii\framework\web\CWebApplication.php(277): PageventoController->run()
#10 C:\xampp\htdocs\yii\framework\web\CWebApplication.php(136): CWebApplication->runController()
#11 C:\xampp\htdocs\yii\framework\base\CApplication.php(158): CWebApplication->processRequest()
#12 C:\xampp\htdocs\eventhis\index.php(13): CWebApplication->run()
REQUEST_URI=/eventhis/index.php?r=pagevento/index&id=2
in C:\xampp\htdocs\eventhis\protected\controllers\PageventoController.php (63)
in C:\xampp\htdocs\eventhis\index.php (13)
2012/02/17 23:45:04 [error] [php] Trying to get property of non-object (C:\xampp\htdocs\eventhis\protected\controllers\PageventoController.php:63)
Stack trace:
#0 C:\xampp\htdocs\yii\framework\web\actions\CInlineAction.php(48): CInlineAction->runWithParamsInternal()
#1 C:\xampp\htdocs\yii\framework\web\CController.php(300): CInlineAction->runWithParams()
#2 C:\xampp\htdocs\yii\framework\web\filters\CFilterChain.php(134): PageventoController->runAction()
#3 C:\xampp\htdocs\yii\framework\web\filters\CFilter.php(41): CFilterChain->run()
#4 C:\xampp\htdocs\yii\framework\web\CController.php(1144): CAccessControlFilter->filter()
#5 C:\xampp\htdocs\yii\framework\web\filters\CInlineFilter.php(59): PageventoController->filterAccessControl()
#6 C:\xampp\htdocs\yii\framework\web\filters\CFilterChain.php(131): CInlineFilter->filter()
#7 C:\xampp\htdocs\yii\framework\web\CController.php(283): CFilterChain->run()
#8 C:\xampp\htdocs\yii\framework\web\CController.php(257): PageventoController->runActionWithFilters()
#9 C:\xampp\htdocs\yii\framework\web\CWebApplication.php(277): PageventoController->run()
#10 C:\xampp\htdocs\yii\framework\web\CWebApplication.php(136): CWebApplication->runController()
#11 C:\xampp\htdocs\yii\framework\base\CApplication.php(158): CWebApplication->processRequest()
#12 C:\xampp\htdocs\eventhis\index.php(13): CWebApplication->run()
REQUEST_URI=/eventhis/index.php?r=pagevento/index&id=2
in C:\xampp\htdocs\eventhis\protected\controllers\PageventoController.php (63)
in C:\xampp\htdocs\eventhis\index.php (13)
2012/02/17 23:45:27 [error] [php] Undefined offset: 0 (C:\xampp\htdocs\eventhis\protected\components\UserIdentity.php:25)
Stack trace:
#0 C:\xampp\htdocs\yii\framework\validators\CValidator.php(192): CInlineValidator->validateAttribute()
#1 C:\xampp\htdocs\yii\framework\base\CModel.php(152): CInlineValidator->validate()
#2 C:\xampp\htdocs\eventhis\protected\controllers\SiteController.php(87): LoginForm->validate()
#3 C:\xampp\htdocs\yii\framework\web\actions\CInlineAction.php(50): SiteController->actionLogin()
#4 C:\xampp\htdocs\yii\framework\web\CController.php(300): CInlineAction->runWithParams()
#5 C:\xampp\htdocs\yii\framework\web\CController.php(278): SiteController->runAction()
#6 C:\xampp\htdocs\yii\framework\web\CController.php(257): SiteController->runActionWithFilters()
#7 C:\xampp\htdocs\yii\framework\web\CWebApplication.php(277): SiteController->run()
#8 C:\xampp\htdocs\yii\framework\web\CWebApplication.php(136): CWebApplication->runController()
#9 C:\xampp\htdocs\yii\framework\base\CApplication.php(158): CWebApplication->processRequest()
#10 C:\xampp\htdocs\eventhis\index.php(13): CWebApplication->run()
REQUEST_URI=/eventhis/index.php?r=site/login
in C:\xampp\htdocs\eventhis\protected\components\UserIdentity.php (25)
in C:\xampp\htdocs\eventhis\protected\models\LoginForm.php (52)
in C:\xampp\htdocs\eventhis\protected\controllers\SiteController.php (87)
2012/02/18 00:19:25 [error] [exception.CException] exception 'CException' with message 'Property "Utilizador.grupo_oid" is not defined.' in C:\xampp\htdocs\yii\framework\base\CComponent.php:131
Stack trace:
#0 C:\xampp\htdocs\yii\framework\db\ar\CActiveRecord.php(129): CComponent->__get('grupo_oid')
#1 C:\xampp\htdocs\yii\framework\web\helpers\CHtml.php(1711): CActiveRecord->__get('grupo_oid')
#2 C:\xampp\htdocs\yii\framework\zii\widgets\CDetailView.php(208): CHtml::value(Object(Utilizador), 'grupo_oid')
#3 C:\xampp\htdocs\yii\framework\web\CBaseController.php(166): CDetailView->run()
#4 C:\xampp\htdocs\eventhis\protected\views\utilizador\view.php(34): CBaseController->widget('zii.widgets.CDe...', Array)
#5 C:\xampp\htdocs\yii\framework\web\CBaseController.php(119): require('C:\xampp\htdocs...')
#6 C:\xampp\htdocs\yii\framework\web\CBaseController.php(88): CBaseController->renderInternal('C:\xampp\htdocs...', Array, true)
#7 C:\xampp\htdocs\yii\framework\web\CController.php(866): CBaseController->renderFile('C:\xampp\htdocs...', Array, true)
#8 C:\xampp\htdocs\yii\framework\web\CController.php(779): CController->renderPartial('view', Array, true)
#9 C:\xampp\htdocs\eventhis\protected\controllers\UtilizadorController.php(55): CController->render('view', Array)
#10 [internal function]: UtilizadorController->actionView('7')
#11 C:\xampp\htdocs\yii\framework\web\actions\CAction.php(104): ReflectionMethod->invokeArgs(Object(UtilizadorController), Array)
#12 C:\xampp\htdocs\yii\framework\web\actions\CInlineAction.php(48): CAction->runWithParamsInternal(Object(UtilizadorController), Object(ReflectionMethod), Array)
#13 C:\xampp\htdocs\yii\framework\web\CController.php(300): CInlineAction->runWithParams(Array)
#14 C:\xampp\htdocs\yii\framework\web\filters\CFilterChain.php(134): CController->runAction(Object(CInlineAction))
#15 C:\xampp\htdocs\yii\framework\web\filters\CFilter.php(41): CFilterChain->run()
#16 C:\xampp\htdocs\yii\framework\web\CController.php(1144): CFilter->filter(Object(CFilterChain))
#17 C:\xampp\htdocs\yii\framework\web\filters\CInlineFilter.php(59): CController->filterAccessControl(Object(CFilterChain))
#18 C:\xampp\htdocs\yii\framework\web\filters\CFilterChain.php(131): CInlineFilter->filter(Object(CFilterChain))
#19 C:\xampp\htdocs\yii\framework\web\CController.php(283): CFilterChain->run()
#20 C:\xampp\htdocs\yii\framework\web\CController.php(257): CController->runActionWithFilters(Object(CInlineAction), Array)
#21 C:\xampp\htdocs\yii\framework\web\CWebApplication.php(277): CController->run('view')
#22 C:\xampp\htdocs\yii\framework\web\CWebApplication.php(136): CWebApplication->runController('utilizador/view')
#23 C:\xampp\htdocs\yii\framework\base\CApplication.php(158): CWebApplication->processRequest()
#24 C:\xampp\htdocs\eventhis\index.php(13): CApplication->run()
#25 {main} REQUEST_URI=/eventhis/index.php?r=utilizador/view&id=7
2012/02/18 00:20:53 [error] [exception.CException] exception 'CException' with message 'Property "Utilizador.grupo_oid" is not defined.' in C:\xampp\htdocs\yii\framework\base\CComponent.php:131
Stack trace:
#0 C:\xampp\htdocs\yii\framework\db\ar\CActiveRecord.php(129): CComponent->__get('grupo_oid')
#1 C:\xampp\htdocs\yii\framework\web\helpers\CHtml.php(1711): CActiveRecord->__get('grupo_oid')
#2 C:\xampp\htdocs\yii\framework\zii\widgets\CDetailView.php(208): CHtml::value(Object(Utilizador), 'grupo_oid')
#3 C:\xampp\htdocs\yii\framework\web\CBaseController.php(166): CDetailView->run()
#4 C:\xampp\htdocs\eventhis\protected\views\utilizador\view.php(34): CBaseController->widget('zii.widgets.CDe...', Array)
#5 C:\xampp\htdocs\yii\framework\web\CBaseController.php(119): require('C:\xampp\htdocs...')
#6 C:\xampp\htdocs\yii\framework\web\CBaseController.php(88): CBaseController->renderInternal('C:\xampp\htdocs...', Array, true)
#7 C:\xampp\htdocs\yii\framework\web\CController.php(866): CBaseController->renderFile('C:\xampp\htdocs...', Array, true)
#8 C:\xampp\htdocs\yii\framework\web\CController.php(779): CController->renderPartial('view', Array, true)
#9 C:\xampp\htdocs\eventhis\protected\controllers\UtilizadorController.php(55): CController->render('view', Array)
#10 [internal function]: UtilizadorController->actionView('5')
#11 C:\xampp\htdocs\yii\framework\web\actions\CAction.php(104): ReflectionMethod->invokeArgs(Object(UtilizadorController), Array)
#12 C:\xampp\htdocs\yii\framework\web\actions\CInlineAction.php(48): CAction->runWithParamsInternal(Object(UtilizadorController), Object(ReflectionMethod), Array)
#13 C:\xampp\htdocs\yii\framework\web\CController.php(300): CInlineAction->runWithParams(Array)
#14 C:\xampp\htdocs\yii\framework\web\filters\CFilterChain.php(134): CController->runAction(Object(CInlineAction))
#15 C:\xampp\htdocs\yii\framework\web\filters\CFilter.php(41): CFilterChain->run()
#16 C:\xampp\htdocs\yii\framework\web\CController.php(1144): CFilter->filter(Object(CFilterChain))
#17 C:\xampp\htdocs\yii\framework\web\filters\CInlineFilter.php(59): CController->filterAccessControl(Object(CFilterChain))
#18 C:\xampp\htdocs\yii\framework\web\filters\CFilterChain.php(131): CInlineFilter->filter(Object(CFilterChain))
#19 C:\xampp\htdocs\yii\framework\web\CController.php(283): CFilterChain->run()
#20 C:\xampp\htdocs\yii\framework\web\CController.php(257): CController->runActionWithFilters(Object(CInlineAction), Array)
#21 C:\xampp\htdocs\yii\framework\web\CWebApplication.php(277): CController->run('view')
#22 C:\xampp\htdocs\yii\framework\web\CWebApplication.php(136): CWebApplication->runController('utilizador/view')
#23 C:\xampp\htdocs\yii\framework\base\CApplication.php(158): CWebApplication->processRequest()
#24 C:\xampp\htdocs\eventhis\index.php(13): CApplication->run()
#25 {main} REQUEST_URI=/eventhis/index.php?r=utilizador/view&id=5
2012/02/18 00:25:47 [error] [exception.CHttpException.404] exception 'CHttpException' with message 'Unable to find the code you requested.' in C:\xampp\htdocs\yii\framework\gii\CCodeGenerator.php:87
Stack trace:
#0 C:\xampp\htdocs\yii\framework\web\actions\CInlineAction.php(50): CCodeGenerator->actionCode()
#1 C:\xampp\htdocs\yii\framework\web\CController.php(300): CInlineAction->runWithParams(Array)
#2 C:\xampp\htdocs\yii\framework\web\CController.php(278): CController->runAction(Object(CInlineAction))
#3 C:\xampp\htdocs\yii\framework\web\CController.php(257): CController->runActionWithFilters(Object(CInlineAction), Array)
#4 C:\xampp\htdocs\yii\framework\web\CWebApplication.php(277): CController->run('code')
#5 C:\xampp\htdocs\yii\framework\web\CWebApplication.php(136): CWebApplication->runController('gii/model/code')
#6 C:\xampp\htdocs\yii\framework\base\CApplication.php(158): CWebApplication->processRequest()
#7 C:\xampp\htdocs\eventhis\index.php(13): CApplication->run()
#8 {main} REQUEST_URI=/eventhis/index.php?r=gii/model/code&id=0
2012/02/18 16:45:50 [error] [php] Undefined offset: 0 (C:\xampp\htdocs\eventhis\protected\components\UserIdentity.php:25)
Stack trace:
#0 C:\xampp\htdocs\yii\framework\validators\CValidator.php(192): CInlineValidator->validateAttribute()
#1 C:\xampp\htdocs\yii\framework\base\CModel.php(152): CInlineValidator->validate()
#2 C:\xampp\htdocs\eventhis\protected\controllers\SiteController.php(87): LoginForm->validate()
#3 C:\xampp\htdocs\yii\framework\web\actions\CInlineAction.php(50): SiteController->actionLogin()
#4 C:\xampp\htdocs\yii\framework\web\CController.php(300): CInlineAction->runWithParams()
#5 C:\xampp\htdocs\yii\framework\web\CController.php(278): SiteController->runAction()
#6 C:\xampp\htdocs\yii\framework\web\CController.php(257): SiteController->runActionWithFilters()
#7 C:\xampp\htdocs\yii\framework\web\CWebApplication.php(277): SiteController->run()
#8 C:\xampp\htdocs\yii\framework\web\CWebApplication.php(136): CWebApplication->runController()
#9 C:\xampp\htdocs\yii\framework\base\CApplication.php(158): CWebApplication->processRequest()
#10 C:\xampp\htdocs\eventhis\index.php(13): CWebApplication->run()
REQUEST_URI=/eventhis/index.php?r=site/login
in C:\xampp\htdocs\eventhis\protected\components\UserIdentity.php (25)
in C:\xampp\htdocs\eventhis\protected\models\LoginForm.php (52)
in C:\xampp\htdocs\eventhis\protected\controllers\SiteController.php (87)
2012/02/23 18:52:40 [error] [php] Undefined offset: 0 (C:\xampp\htdocs\eventhis\protected\components\UserIdentity.php:25)
Stack trace:
#0 C:\xampp\htdocs\yii\framework\validators\CValidator.php(192): CInlineValidator->validateAttribute()
#1 C:\xampp\htdocs\yii\framework\base\CModel.php(152): CInlineValidator->validate()
#2 C:\xampp\htdocs\eventhis\protected\controllers\SiteController.php(87): LoginForm->validate()
#3 C:\xampp\htdocs\yii\framework\web\actions\CInlineAction.php(50): SiteController->actionLogin()
#4 C:\xampp\htdocs\yii\framework\web\CController.php(300): CInlineAction->runWithParams()
#5 C:\xampp\htdocs\yii\framework\web\CController.php(278): SiteController->runAction()
#6 C:\xampp\htdocs\yii\framework\web\CController.php(257): SiteController->runActionWithFilters()
#7 C:\xampp\htdocs\yii\framework\web\CWebApplication.php(277): SiteController->run()
#8 C:\xampp\htdocs\yii\framework\web\CWebApplication.php(136): CWebApplication->runController()
#9 C:\xampp\htdocs\yii\framework\base\CApplication.php(158): CWebApplication->processRequest()
#10 C:\xampp\htdocs\eventhis\index.php(13): CWebApplication->run()
REQUEST_URI=/eventhis/index.php?r=site/login
in C:\xampp\htdocs\eventhis\protected\components\UserIdentity.php (25)
in C:\xampp\htdocs\eventhis\protected\models\LoginForm.php (52)
in C:\xampp\htdocs\eventhis\protected\controllers\SiteController.php (87)
2012/02/23 18:53:24 [error] [php] Undefined offset: 0 (C:\xampp\htdocs\eventhis\protected\components\UserIdentity.php:25)
Stack trace:
#0 C:\xampp\htdocs\yii\framework\validators\CValidator.php(192): CInlineValidator->validateAttribute()
#1 C:\xampp\htdocs\yii\framework\base\CModel.php(152): CInlineValidator->validate()
#2 C:\xampp\htdocs\eventhis\protected\controllers\SiteController.php(87): LoginForm->validate()
#3 C:\xampp\htdocs\yii\framework\web\actions\CInlineAction.php(50): SiteController->actionLogin()
#4 C:\xampp\htdocs\yii\framework\web\CController.php(300): CInlineAction->runWithParams()
#5 C:\xampp\htdocs\yii\framework\web\CController.php(278): SiteController->runAction()
#6 C:\xampp\htdocs\yii\framework\web\CController.php(257): SiteController->runActionWithFilters()
#7 C:\xampp\htdocs\yii\framework\web\CWebApplication.php(277): SiteController->run()
#8 C:\xampp\htdocs\yii\framework\web\CWebApplication.php(136): CWebApplication->runController()
#9 C:\xampp\htdocs\yii\framework\base\CApplication.php(158): CWebApplication->processRequest()
#10 C:\xampp\htdocs\eventhis\index.php(13): CWebApplication->run()
REQUEST_URI=/eventhis/index.php?r=site/login
in C:\xampp\htdocs\eventhis\protected\components\UserIdentity.php (25)
in C:\xampp\htdocs\eventhis\protected\models\LoginForm.php (52)
in C:\xampp\htdocs\eventhis\protected\controllers\SiteController.php (87)
2012/02/23 18:55:27 [error] [php] Undefined offset: 0 (C:\xampp\htdocs\eventhis\protected\components\UserIdentity.php:25)
Stack trace:
#0 C:\xampp\htdocs\yii\framework\validators\CValidator.php(192): CInlineValidator->validateAttribute()
#1 C:\xampp\htdocs\yii\framework\base\CModel.php(152): CInlineValidator->validate()
#2 C:\xampp\htdocs\eventhis\protected\controllers\SiteController.php(87): LoginForm->validate()
#3 C:\xampp\htdocs\yii\framework\web\actions\CInlineAction.php(50): SiteController->actionLogin()
#4 C:\xampp\htdocs\yii\framework\web\CController.php(300): CInlineAction->runWithParams()
#5 C:\xampp\htdocs\yii\framework\web\CController.php(278): SiteController->runAction()
#6 C:\xampp\htdocs\yii\framework\web\CController.php(257): SiteController->runActionWithFilters()
#7 C:\xampp\htdocs\yii\framework\web\CWebApplication.php(277): SiteController->run()
#8 C:\xampp\htdocs\yii\framework\web\CWebApplication.php(136): CWebApplication->runController()
#9 C:\xampp\htdocs\yii\framework\base\CApplication.php(158): CWebApplication->processRequest()
#10 C:\xampp\htdocs\eventhis\index.php(13): CWebApplication->run()
REQUEST_URI=/eventhis/index.php?r=site/login
in C:\xampp\htdocs\eventhis\protected\components\UserIdentity.php (25)
in C:\xampp\htdocs\eventhis\protected\models\LoginForm.php (52)
in C:\xampp\htdocs\eventhis\protected\controllers\SiteController.php (87)
2012/02/23 18:57:07 [error] [php] Undefined offset: 0 (C:\xampp\htdocs\eventhis\protected\components\UserIdentity.php:25)
Stack trace:
#0 C:\xampp\htdocs\yii\framework\validators\CValidator.php(192): CInlineValidator->validateAttribute()
#1 C:\xampp\htdocs\yii\framework\base\CModel.php(152): CInlineValidator->validate()
#2 C:\xampp\htdocs\eventhis\protected\controllers\SiteController.php(87): LoginForm->validate()
#3 C:\xampp\htdocs\yii\framework\web\actions\CInlineAction.php(50): SiteController->actionLogin()
#4 C:\xampp\htdocs\yii\framework\web\CController.php(300): CInlineAction->runWithParams()
#5 C:\xampp\htdocs\yii\framework\web\CController.php(278): SiteController->runAction()
#6 C:\xampp\htdocs\yii\framework\web\CController.php(257): SiteController->runActionWithFilters()
#7 C:\xampp\htdocs\yii\framework\web\CWebApplication.php(277): SiteController->run()
#8 C:\xampp\htdocs\yii\framework\web\CWebApplication.php(136): CWebApplication->runController()
#9 C:\xampp\htdocs\yii\framework\base\CApplication.php(158): CWebApplication->processRequest()
#10 C:\xampp\htdocs\eventhis\index.php(13): CWebApplication->run()
REQUEST_URI=/eventhis/index.php?r=site/login
in C:\xampp\htdocs\eventhis\protected\components\UserIdentity.php (25)
in C:\xampp\htdocs\eventhis\protected\models\LoginForm.php (52)
in C:\xampp\htdocs\eventhis\protected\controllers\SiteController.php (87)
2012/02/23 18:57:41 [error] [php] Undefined offset: 0 (C:\xampp\htdocs\eventhis\protected\components\UserIdentity.php:25)
Stack trace:
#0 C:\xampp\htdocs\yii\framework\validators\CValidator.php(192): CInlineValidator->validateAttribute()
#1 C:\xampp\htdocs\yii\framework\base\CModel.php(152): CInlineValidator->validate()
#2 C:\xampp\htdocs\eventhis\protected\controllers\SiteController.php(87): LoginForm->validate()
#3 C:\xampp\htdocs\yii\framework\web\actions\CInlineAction.php(50): SiteController->actionLogin()
#4 C:\xampp\htdocs\yii\framework\web\CController.php(300): CInlineAction->runWithParams()
#5 C:\xampp\htdocs\yii\framework\web\CController.php(278): SiteController->runAction()
#6 C:\xampp\htdocs\yii\framework\web\CController.php(257): SiteController->runActionWithFilters()
#7 C:\xampp\htdocs\yii\framework\web\CWebApplication.php(277): SiteController->run()
#8 C:\xampp\htdocs\yii\framework\web\CWebApplication.php(136): CWebApplication->runController()
#9 C:\xampp\htdocs\yii\framework\base\CApplication.php(158): CWebApplication->processRequest()
#10 C:\xampp\htdocs\eventhis\index.php(13): CWebApplication->run()
REQUEST_URI=/eventhis/index.php?r=site/login
in C:\xampp\htdocs\eventhis\protected\components\UserIdentity.php (25)
in C:\xampp\htdocs\eventhis\protected\models\LoginForm.php (52)
in C:\xampp\htdocs\eventhis\protected\controllers\SiteController.php (87)
2012/02/23 18:57:46 [error] [php] Undefined offset: 0 (C:\xampp\htdocs\eventhis\protected\components\UserIdentity.php:25)
Stack trace:
#0 C:\xampp\htdocs\yii\framework\validators\CValidator.php(192): CInlineValidator->validateAttribute()
#1 C:\xampp\htdocs\yii\framework\base\CModel.php(152): CInlineValidator->validate()
#2 C:\xampp\htdocs\eventhis\protected\controllers\SiteController.php(87): LoginForm->validate()
#3 C:\xampp\htdocs\yii\framework\web\actions\CInlineAction.php(50): SiteController->actionLogin()
#4 C:\xampp\htdocs\yii\framework\web\CController.php(300): CInlineAction->runWithParams()
#5 C:\xampp\htdocs\yii\framework\web\CController.php(278): SiteController->runAction()
#6 C:\xampp\htdocs\yii\framework\web\CController.php(257): SiteController->runActionWithFilters()
#7 C:\xampp\htdocs\yii\framework\web\CWebApplication.php(277): SiteController->run()
#8 C:\xampp\htdocs\yii\framework\web\CWebApplication.php(136): CWebApplication->runController()
#9 C:\xampp\htdocs\yii\framework\base\CApplication.php(158): CWebApplication->processRequest()
#10 C:\xampp\htdocs\eventhis\index.php(13): CWebApplication->run()
REQUEST_URI=/eventhis/index.php?r=site/login
in C:\xampp\htdocs\eventhis\protected\components\UserIdentity.php (25)
in C:\xampp\htdocs\eventhis\protected\models\LoginForm.php (52)
in C:\xampp\htdocs\eventhis\protected\controllers\SiteController.php (87)
2012/02/23 19:18:28 [error] [php] Undefined offset: 0 (C:\xampp\htdocs\eventhis\protected\components\UserIdentity.php:25)
Stack trace:
#0 C:\xampp\htdocs\yii\framework\validators\CValidator.php(192): CInlineValidator->validateAttribute()
#1 C:\xampp\htdocs\yii\framework\base\CModel.php(152): CInlineValidator->validate()
#2 C:\xampp\htdocs\eventhis\protected\controllers\SiteController.php(87): LoginForm->validate()
#3 C:\xampp\htdocs\yii\framework\web\actions\CInlineAction.php(50): SiteController->actionLogin()
#4 C:\xampp\htdocs\yii\framework\web\CController.php(300): CInlineAction->runWithParams()
#5 C:\xampp\htdocs\yii\framework\web\CController.php(278): SiteController->runAction()
#6 C:\xampp\htdocs\yii\framework\web\CController.php(257): SiteController->runActionWithFilters()
#7 C:\xampp\htdocs\yii\framework\web\CWebApplication.php(277): SiteController->run()
#8 C:\xampp\htdocs\yii\framework\web\CWebApplication.php(136): CWebApplication->runController()
#9 C:\xampp\htdocs\yii\framework\base\CApplication.php(158): CWebApplication->processRequest()
#10 C:\xampp\htdocs\eventhis\index.php(13): CWebApplication->run()
REQUEST_URI=/eventhis/index.php?r=site/login
in C:\xampp\htdocs\eventhis\protected\components\UserIdentity.php (25)
in C:\xampp\htdocs\eventhis\protected\models\LoginForm.php (52)
in C:\xampp\htdocs\eventhis\protected\controllers\SiteController.php (87)
2012/02/23 19:21:10 [error] [php] Undefined offset: 0 (C:\xampp\htdocs\eventhis\protected\components\UserIdentity.php:25)
Stack trace:
#0 C:\xampp\htdocs\yii\framework\validators\CValidator.php(192): CInlineValidator->validateAttribute()
#1 C:\xampp\htdocs\yii\framework\base\CModel.php(152): CInlineValidator->validate()
#2 C:\xampp\htdocs\eventhis\protected\controllers\SiteController.php(87): LoginForm->validate()
#3 C:\xampp\htdocs\yii\framework\web\actions\CInlineAction.php(50): SiteController->actionLogin()
#4 C:\xampp\htdocs\yii\framework\web\CController.php(300): CInlineAction->runWithParams()
#5 C:\xampp\htdocs\yii\framework\web\CController.php(278): SiteController->runAction()
#6 C:\xampp\htdocs\yii\framework\web\CController.php(257): SiteController->runActionWithFilters()
#7 C:\xampp\htdocs\yii\framework\web\CWebApplication.php(277): SiteController->run()
#8 C:\xampp\htdocs\yii\framework\web\CWebApplication.php(136): CWebApplication->runController()
#9 C:\xampp\htdocs\yii\framework\base\CApplication.php(158): CWebApplication->processRequest()
#10 C:\xampp\htdocs\eventhis\index.php(13): CWebApplication->run()
REQUEST_URI=/eventhis/index.php?r=site/login
in C:\xampp\htdocs\eventhis\protected\components\UserIdentity.php (25)
in C:\xampp\htdocs\eventhis\protected\models\LoginForm.php (52)
in C:\xampp\htdocs\eventhis\protected\controllers\SiteController.php (87)
2012/02/23 19:21:50 [error] [php] Undefined offset: 0 (C:\xampp\htdocs\eventhis\protected\components\UserIdentity.php:25)
Stack trace:
#0 C:\xampp\htdocs\yii\framework\validators\CValidator.php(192): CInlineValidator->validateAttribute()
#1 C:\xampp\htdocs\yii\framework\base\CModel.php(152): CInlineValidator->validate()
#2 C:\xampp\htdocs\eventhis\protected\controllers\SiteController.php(87): LoginForm->validate()
#3 C:\xampp\htdocs\yii\framework\web\actions\CInlineAction.php(50): SiteController->actionLogin()
#4 C:\xampp\htdocs\yii\framework\web\CController.php(300): CInlineAction->runWithParams()
#5 C:\xampp\htdocs\yii\framework\web\CController.php(278): SiteController->runAction()
#6 C:\xampp\htdocs\yii\framework\web\CController.php(257): SiteController->runActionWithFilters()
#7 C:\xampp\htdocs\yii\framework\web\CWebApplication.php(277): SiteController->run()
#8 C:\xampp\htdocs\yii\framework\web\CWebApplication.php(136): CWebApplication->runController()
#9 C:\xampp\htdocs\yii\framework\base\CApplication.php(158): CWebApplication->processRequest()
#10 C:\xampp\htdocs\eventhis\index.php(13): CWebApplication->run()
REQUEST_URI=/eventhis/index.php?r=site/login
in C:\xampp\htdocs\eventhis\protected\components\UserIdentity.php (25)
in C:\xampp\htdocs\eventhis\protected\models\LoginForm.php (52)
in C:\xampp\htdocs\eventhis\protected\controllers\SiteController.php (87)
2012/02/23 19:22:07 [error] [php] Undefined offset: 0 (C:\xampp\htdocs\eventhis\protected\components\UserIdentity.php:25)
Stack trace:
#0 C:\xampp\htdocs\yii\framework\validators\CValidator.php(192): CInlineValidator->validateAttribute()
#1 C:\xampp\htdocs\yii\framework\base\CModel.php(152): CInlineValidator->validate()
#2 C:\xampp\htdocs\eventhis\protected\controllers\SiteController.php(87): LoginForm->validate()
#3 C:\xampp\htdocs\yii\framework\web\actions\CInlineAction.php(50): SiteController->actionLogin()
#4 C:\xampp\htdocs\yii\framework\web\CController.php(300): CInlineAction->runWithParams()
#5 C:\xampp\htdocs\yii\framework\web\CController.php(278): SiteController->runAction()
#6 C:\xampp\htdocs\yii\framework\web\CController.php(257): SiteController->runActionWithFilters()
#7 C:\xampp\htdocs\yii\framework\web\CWebApplication.php(277): SiteController->run()
#8 C:\xampp\htdocs\yii\framework\web\CWebApplication.php(136): CWebApplication->runController()
#9 C:\xampp\htdocs\yii\framework\base\CApplication.php(158): CWebApplication->processRequest()
#10 C:\xampp\htdocs\eventhis\index.php(13): CWebApplication->run()
REQUEST_URI=/eventhis/index.php?r=site/login
in C:\xampp\htdocs\eventhis\protected\components\UserIdentity.php (25)
in C:\xampp\htdocs\eventhis\protected\models\LoginForm.php (52)
in C:\xampp\htdocs\eventhis\protected\controllers\SiteController.php (87)
2012/02/23 19:28:34 [error] [php] Undefined offset: 0 (C:\xampp\htdocs\eventhis\protected\components\UserIdentity.php:25)
Stack trace:
#0 C:\xampp\htdocs\yii\framework\validators\CValidator.php(192): CInlineValidator->validateAttribute()
#1 C:\xampp\htdocs\yii\framework\base\CModel.php(152): CInlineValidator->validate()
#2 C:\xampp\htdocs\eventhis\protected\controllers\SiteController.php(87): LoginForm->validate()
#3 C:\xampp\htdocs\yii\framework\web\actions\CInlineAction.php(50): SiteController->actionLogin()
#4 C:\xampp\htdocs\yii\framework\web\CController.php(300): CInlineAction->runWithParams()
#5 C:\xampp\htdocs\yii\framework\web\CController.php(278): SiteController->runAction()
#6 C:\xampp\htdocs\yii\framework\web\CController.php(257): SiteController->runActionWithFilters()
#7 C:\xampp\htdocs\yii\framework\web\CWebApplication.php(277): SiteController->run()
#8 C:\xampp\htdocs\yii\framework\web\CWebApplication.php(136): CWebApplication->runController()
#9 C:\xampp\htdocs\yii\framework\base\CApplication.php(158): CWebApplication->processRequest()
#10 C:\xampp\htdocs\eventhis\index.php(13): CWebApplication->run()
REQUEST_URI=/eventhis/index.php?r=site/login
in C:\xampp\htdocs\eventhis\protected\components\UserIdentity.php (25)
in C:\xampp\htdocs\eventhis\protected\models\LoginForm.php (52)
in C:\xampp\htdocs\eventhis\protected\controllers\SiteController.php (87)
2012/02/23 19:29:07 [error] [php] Undefined offset: 0 (C:\xampp\htdocs\eventhis\protected\components\UserIdentity.php:25)
Stack trace:
#0 C:\xampp\htdocs\yii\framework\validators\CValidator.php(192): CInlineValidator->validateAttribute()
#1 C:\xampp\htdocs\yii\framework\base\CModel.php(152): CInlineValidator->validate()
#2 C:\xampp\htdocs\eventhis\protected\controllers\SiteController.php(87): LoginForm->validate()
#3 C:\xampp\htdocs\yii\framework\web\actions\CInlineAction.php(50): SiteController->actionLogin()
#4 C:\xampp\htdocs\yii\framework\web\CController.php(300): CInlineAction->runWithParams()
#5 C:\xampp\htdocs\yii\framework\web\CController.php(278): SiteController->runAction()
#6 C:\xampp\htdocs\yii\framework\web\CController.php(257): SiteController->runActionWithFilters()
#7 C:\xampp\htdocs\yii\framework\web\CWebApplication.php(277): SiteController->run()
#8 C:\xampp\htdocs\yii\framework\web\CWebApplication.php(136): CWebApplication->runController()
#9 C:\xampp\htdocs\yii\framework\base\CApplication.php(158): CWebApplication->processRequest()
#10 C:\xampp\htdocs\eventhis\index.php(13): CWebApplication->run()
REQUEST_URI=/eventhis/index.php?r=site/login
in C:\xampp\htdocs\eventhis\protected\components\UserIdentity.php (25)
in C:\xampp\htdocs\eventhis\protected\models\LoginForm.php (52)
in C:\xampp\htdocs\eventhis\protected\controllers\SiteController.php (87)
2012/02/23 19:29:12 [error] [php] Undefined offset: 0 (C:\xampp\htdocs\eventhis\protected\components\UserIdentity.php:25)
Stack trace:
#0 C:\xampp\htdocs\yii\framework\validators\CValidator.php(192): CInlineValidator->validateAttribute()
#1 C:\xampp\htdocs\yii\framework\base\CModel.php(152): CInlineValidator->validate()
#2 C:\xampp\htdocs\eventhis\protected\controllers\SiteController.php(87): LoginForm->validate()
#3 C:\xampp\htdocs\yii\framework\web\actions\CInlineAction.php(50): SiteController->actionLogin()
#4 C:\xampp\htdocs\yii\framework\web\CController.php(300): CInlineAction->runWithParams()
#5 C:\xampp\htdocs\yii\framework\web\CController.php(278): SiteController->runAction()
#6 C:\xampp\htdocs\yii\framework\web\CController.php(257): SiteController->runActionWithFilters()
#7 C:\xampp\htdocs\yii\framework\web\CWebApplication.php(277): SiteController->run()
#8 C:\xampp\htdocs\yii\framework\web\CWebApplication.php(136): CWebApplication->runController()
#9 C:\xampp\htdocs\yii\framework\base\CApplication.php(158): CWebApplication->processRequest()
#10 C:\xampp\htdocs\eventhis\index.php(13): CWebApplication->run()
REQUEST_URI=/eventhis/index.php?r=site/login
in C:\xampp\htdocs\eventhis\protected\components\UserIdentity.php (25)
in C:\xampp\htdocs\eventhis\protected\models\LoginForm.php (52)
in C:\xampp\htdocs\eventhis\protected\controllers\SiteController.php (87)
2012/02/23 19:29:15 [error] [php] Undefined offset: 0 (C:\xampp\htdocs\eventhis\protected\components\UserIdentity.php:25)
Stack trace:
#0 C:\xampp\htdocs\yii\framework\validators\CValidator.php(192): CInlineValidator->validateAttribute()
#1 C:\xampp\htdocs\yii\framework\base\CModel.php(152): CInlineValidator->validate()
#2 C:\xampp\htdocs\eventhis\protected\controllers\SiteController.php(87): LoginForm->validate()
#3 C:\xampp\htdocs\yii\framework\web\actions\CInlineAction.php(50): SiteController->actionLogin()
#4 C:\xampp\htdocs\yii\framework\web\CController.php(300): CInlineAction->runWithParams()
#5 C:\xampp\htdocs\yii\framework\web\CController.php(278): SiteController->runAction()
#6 C:\xampp\htdocs\yii\framework\web\CController.php(257): SiteController->runActionWithFilters()
#7 C:\xampp\htdocs\yii\framework\web\CWebApplication.php(277): SiteController->run()
#8 C:\xampp\htdocs\yii\framework\web\CWebApplication.php(136): CWebApplication->runController()
#9 C:\xampp\htdocs\yii\framework\base\CApplication.php(158): CWebApplication->processRequest()
#10 C:\xampp\htdocs\eventhis\index.php(13): CWebApplication->run()
REQUEST_URI=/eventhis/index.php?r=site/login
in C:\xampp\htdocs\eventhis\protected\components\UserIdentity.php (25)
in C:\xampp\htdocs\eventhis\protected\models\LoginForm.php (52)
in C:\xampp\htdocs\eventhis\protected\controllers\SiteController.php (87)
