[18 Jan 2012 17:29:29] Building database metadata model
[18 Jan 2012 17:29:29] Properties: {partialRefresh=false, processColumnsUsingSelect=, outputPath=C:\WebRatio\WebRatio Personal 6.1.1\workspace\Eventhis\.Temp~\DB.xml, schemaRegex=null, readProcedures=null, includeViews=true, derby.system.home=C:\WebRatio\WebRatio Personal 6.1.1\workspace\.metadata\.plugins\com.webratio.commons.db\derby, includePrimaryKeys=true, url=jdbc:mysql://localhost:3306/eventos, eventSocketClient=com.webratio.commons.net.EventSocketClient@c3c749, includeTables=true, username=root, tableRegex=null, outputLogPath=C:\WebRatio\WebRatio Personal 6.1.1\workspace\Eventhis\.Temp~\DB.xml.log, includeForeignKeys=true, retrieveAllNames=false, readIndexes=null, driverClass=com.mysql.jdbc.Driver, tablesToRefresh=, eventSocketPort=52695, includeSynonyms=true, metaDataProviderClass=com.webratio.commons.db.metadata.MySQLMetaDataProvider}
[18 Jan 2012 17:29:29] URL: jdbc:mysql://localhost:3306/eventos
[18 Jan 2012 17:29:29] Product name: MySQL
[18 Jan 2012 17:29:29] Product version: 5.5.16
[18 Jan 2012 17:29:29] Driver name: MySQL-AB JDBC Driver
[18 Jan 2012 17:29:29] Driver version: mysql-connector-java-5.1.18 ( Revision: tonci.grgin@oracle.com-20110930151701-jfj14ddfq48ifkfq )
[18 Jan 2012 17:29:29] Driver major version: 5
[18 Jan 2012 17:29:29] Driver minor version: 1
[18 Jan 2012 17:29:29] Identifier quote string: 1
[18 Jan 2012 17:29:29] Retrieving schemas
[18 Jan 2012 17:29:29] Retrieving [TABLE, VIEW, SYNONYM] for schema ''
[18 Jan 2012 17:29:29]   Found 'comentario' [type = TABLE]
[18 Jan 2012 17:29:29]   Found 'evento' [type = TABLE]
[18 Jan 2012 17:29:29]   Found 'favoritos' [type = TABLE]
[18 Jan 2012 17:29:29]   Found 'group_module' [type = TABLE]
[18 Jan 2012 17:29:29]   Found 'grupo' [type = TABLE]
[18 Jan 2012 17:29:29]   Found 'module' [type = TABLE]
[18 Jan 2012 17:29:29]   Found 'newsletter' [type = TABLE]
[18 Jan 2012 17:29:29]   Found 'tipo' [type = TABLE]
[18 Jan 2012 17:29:29]   Found 'user_group' [type = TABLE]
[18 Jan 2012 17:29:29]   Found 'utilizador' [type = TABLE]
[18 Jan 2012 17:29:29] Retrieving columns for 'comentario' [type = TABLE]
[18 Jan 2012 17:29:29]   Found column: idcomentario [type = INT][SQL/XOPEN type = 4][size = 10][dec. digits = 0]
[18 Jan 2012 17:29:29]   Found column: titulo [type = VARCHAR][SQL/XOPEN type = 12][size = 255][dec. digits = 0]
[18 Jan 2012 17:29:29]   Found column: texto [type = VARCHAR][SQL/XOPEN type = 12][size = 255][dec. digits = 0]
[18 Jan 2012 17:29:29]   Found column: dtcom [type = TIME][SQL/XOPEN type = 92][size = 8][dec. digits = 0]
[18 Jan 2012 17:29:29]   Found column: utilizador_oid [type = INT][SQL/XOPEN type = 4][size = 10][dec. digits = 0]
[18 Jan 2012 17:29:29]   Found column: evento_idevento [type = INT][SQL/XOPEN type = 4][size = 10][dec. digits = 0]
[18 Jan 2012 17:29:29] Retrieving primary keys for 'comentario' [type = TABLE]
[18 Jan 2012 17:29:29]   Found primary key column: idcomentario
[18 Jan 2012 17:29:29] Retrieving columns for 'evento' [type = TABLE]
[18 Jan 2012 17:29:29]   Found column: idevento [type = INT][SQL/XOPEN type = 4][size = 10][dec. digits = 0]
[18 Jan 2012 17:29:29]   Found column: dtfim [type = TIME][SQL/XOPEN type = 92][size = 8][dec. digits = 0]
[18 Jan 2012 17:29:29]   Found column: dtinicio [type = TIME][SQL/XOPEN type = 92][size = 8][dec. digits = 0]
[18 Jan 2012 17:29:29]   Found column: titulo [type = VARCHAR][SQL/XOPEN type = 12][size = 255][dec. digits = 0]
[18 Jan 2012 17:29:29]   Found column: descricao [type = VARCHAR][SQL/XOPEN type = 12][size = 255][dec. digits = 0]
[18 Jan 2012 17:29:29]   Found column: lat [type = DOUBLE][SQL/XOPEN type = 8][size = 22][dec. digits = 0]
[18 Jan 2012 17:29:29]   Found column: lon [type = DOUBLE][SQL/XOPEN type = 8][size = 22][dec. digits = 0]
[18 Jan 2012 17:29:29]   Found column: proxnewsletter [type = BIT][SQL/XOPEN type = -7][size = 1][dec. digits = 0]
[18 Jan 2012 17:29:29]   Found column: tipo_idtipo [type = INT][SQL/XOPEN type = 4][size = 10][dec. digits = 0]
[18 Jan 2012 17:29:29]   Found column: utilizador_oid [type = INT][SQL/XOPEN type = 4][size = 10][dec. digits = 0]
[18 Jan 2012 17:29:29] Retrieving primary keys for 'evento' [type = TABLE]
[18 Jan 2012 17:29:29]   Found primary key column: idevento
[18 Jan 2012 17:29:29] Retrieving columns for 'favoritos' [type = TABLE]
[18 Jan 2012 17:29:29]   Found column: utilizador_oid [type = INT][SQL/XOPEN type = 4][size = 10][dec. digits = 0]
[18 Jan 2012 17:29:29]   Found column: evento_idevento [type = INT][SQL/XOPEN type = 4][size = 10][dec. digits = 0]
[18 Jan 2012 17:29:29] Retrieving primary keys for 'favoritos' [type = TABLE]
[18 Jan 2012 17:29:29]   Found primary key column: utilizador_oid
[18 Jan 2012 17:29:29]   Found primary key column: evento_idevento
[18 Jan 2012 17:29:29] Retrieving columns for 'group_module' [type = TABLE]
[18 Jan 2012 17:29:29]   Found column: grupo_oid [type = INT][SQL/XOPEN type = 4][size = 10][dec. digits = 0]
[18 Jan 2012 17:29:29]   Found column: module_oid [type = INT][SQL/XOPEN type = 4][size = 10][dec. digits = 0]
[18 Jan 2012 17:29:29] Retrieving primary keys for 'group_module' [type = TABLE]
[18 Jan 2012 17:29:29]   Found primary key column: grupo_oid
[18 Jan 2012 17:29:29]   Found primary key column: module_oid
[18 Jan 2012 17:29:29] Retrieving columns for 'grupo' [type = TABLE]
[18 Jan 2012 17:29:29]   Found column: oid [type = INT][SQL/XOPEN type = 4][size = 10][dec. digits = 0]
[18 Jan 2012 17:29:29]   Found column: groupname [type = VARCHAR][SQL/XOPEN type = 12][size = 255][dec. digits = 0]
[18 Jan 2012 17:29:29]   Found column: module_oid [type = INT][SQL/XOPEN type = 4][size = 10][dec. digits = 0]
[18 Jan 2012 17:29:29] Retrieving primary keys for 'grupo' [type = TABLE]
[18 Jan 2012 17:29:30]   Found primary key column: oid
[18 Jan 2012 17:29:30] Retrieving columns for 'module' [type = TABLE]
[18 Jan 2012 17:29:30]   Found column: oid [type = INT][SQL/XOPEN type = 4][size = 10][dec. digits = 0]
[18 Jan 2012 17:29:30]   Found column: moduleid [type = VARCHAR][SQL/XOPEN type = 12][size = 255][dec. digits = 0]
[18 Jan 2012 17:29:30]   Found column: modulename [type = VARCHAR][SQL/XOPEN type = 12][size = 255][dec. digits = 0]
[18 Jan 2012 17:29:30] Retrieving primary keys for 'module' [type = TABLE]
[18 Jan 2012 17:29:30]   Found primary key column: oid
[18 Jan 2012 17:29:30] Retrieving columns for 'newsletter' [type = TABLE]
[18 Jan 2012 17:29:30]   Found column: nr [type = INT][SQL/XOPEN type = 4][size = 10][dec. digits = 0]
[18 Jan 2012 17:29:30]   Found column: titulo [type = VARCHAR][SQL/XOPEN type = 12][size = 255][dec. digits = 0]
[18 Jan 2012 17:29:30]   Found column: dtenvio [type = TIME][SQL/XOPEN type = 92][size = 8][dec. digits = 0]
[18 Jan 2012 17:29:30]   Found column: evento_idevento [type = INT][SQL/XOPEN type = 4][size = 10][dec. digits = 0]
[18 Jan 2012 17:29:30] Retrieving primary keys for 'newsletter' [type = TABLE]
[18 Jan 2012 17:29:30]   Found primary key column: nr
[18 Jan 2012 17:29:30] Retrieving columns for 'tipo' [type = TABLE]
[18 Jan 2012 17:29:30]   Found column: idtipo [type = INT][SQL/XOPEN type = 4][size = 10][dec. digits = 0]
[18 Jan 2012 17:29:30]   Found column: nome [type = VARCHAR][SQL/XOPEN type = 12][size = 255][dec. digits = 0]
[18 Jan 2012 17:29:30] Retrieving primary keys for 'tipo' [type = TABLE]
[18 Jan 2012 17:29:30]   Found primary key column: idtipo
[18 Jan 2012 17:29:30] Retrieving columns for 'user_group' [type = TABLE]
[18 Jan 2012 17:29:30]   Found column: utilizador_oid [type = INT][SQL/XOPEN type = 4][size = 10][dec. digits = 0]
[18 Jan 2012 17:29:30]   Found column: grupo_oid [type = INT][SQL/XOPEN type = 4][size = 10][dec. digits = 0]
[18 Jan 2012 17:29:30] Retrieving primary keys for 'user_group' [type = TABLE]
[18 Jan 2012 17:29:30]   Found primary key column: utilizador_oid
[18 Jan 2012 17:29:30]   Found primary key column: grupo_oid
[18 Jan 2012 17:29:30] Retrieving columns for 'utilizador' [type = TABLE]
[18 Jan 2012 17:29:30]   Found column: oid [type = INT][SQL/XOPEN type = 4][size = 10][dec. digits = 0]
[18 Jan 2012 17:29:30]   Found column: email [type = VARCHAR][SQL/XOPEN type = 12][size = 255][dec. digits = 0]
[18 Jan 2012 17:29:30]   Found column: password [type = VARCHAR][SQL/XOPEN type = 12][size = 255][dec. digits = 0]
[18 Jan 2012 17:29:30]   Found column: nome [type = VARCHAR][SQL/XOPEN type = 12][size = 255][dec. digits = 0]
[18 Jan 2012 17:29:30]   Found column: foto [type = VARCHAR][SQL/XOPEN type = 12][size = 255][dec. digits = 0]
[18 Jan 2012 17:29:30]   Found column: lat [type = DOUBLE][SQL/XOPEN type = 8][size = 22][dec. digits = 0]
[18 Jan 2012 17:29:30]   Found column: lon [type = DOUBLE][SQL/XOPEN type = 8][size = 22][dec. digits = 0]
[18 Jan 2012 17:29:30]   Found column: lat2 [type = DOUBLE][SQL/XOPEN type = 8][size = 22][dec. digits = 0]
[18 Jan 2012 17:29:30]   Found column: lon2 [type = DOUBLE][SQL/XOPEN type = 8][size = 22][dec. digits = 0]
[18 Jan 2012 17:29:30]   Found column: username [type = VARCHAR][SQL/XOPEN type = 12][size = 255][dec. digits = 0]
[18 Jan 2012 17:29:30]   Found column: grupo_oid [type = INT][SQL/XOPEN type = 4][size = 10][dec. digits = 0]
[18 Jan 2012 17:29:30]   Found column: teste [type = VARCHAR][SQL/XOPEN type = 12][size = 255][dec. digits = 0]
[18 Jan 2012 17:29:30] Retrieving primary keys for 'utilizador' [type = TABLE]
[18 Jan 2012 17:29:30]   Found primary key column: oid
[18 Jan 2012 17:29:30] Retrieving foreign keys for 'comentario' [type = TABLE]
[18 Jan 2012 17:29:30]   Found foreign key: column evento_idevento references evento(idevento)
[18 Jan 2012 17:29:30]   Found foreign key: column utilizador_oid references utilizador(oid)
[18 Jan 2012 17:29:30] Retrieving foreign keys for 'evento' [type = TABLE]
[18 Jan 2012 17:29:30]   Found foreign key: column tipo_idtipo references tipo(idtipo)
[18 Jan 2012 17:29:30]   Found foreign key: column utilizador_oid references utilizador(oid)
[18 Jan 2012 17:29:30] Retrieving foreign keys for 'favoritos' [type = TABLE]
[18 Jan 2012 17:29:30]   Found foreign key: column evento_idevento references evento(idevento)
[18 Jan 2012 17:29:30]   Found foreign key: column utilizador_oid references utilizador(oid)
[18 Jan 2012 17:29:30] Retrieving foreign keys for 'group_module' [type = TABLE]
[18 Jan 2012 17:29:30]   Found foreign key: column grupo_oid references grupo(oid)
[18 Jan 2012 17:29:30]   Found foreign key: column module_oid references module(oid)
[18 Jan 2012 17:29:30] Retrieving foreign keys for 'grupo' [type = TABLE]
[18 Jan 2012 17:29:30]   Found foreign key: column module_oid references module(oid)
[18 Jan 2012 17:29:30] Retrieving foreign keys for 'module' [type = TABLE]
[18 Jan 2012 17:29:30] Retrieving foreign keys for 'newsletter' [type = TABLE]
[18 Jan 2012 17:29:30]   Found foreign key: column evento_idevento references evento(idevento)
[18 Jan 2012 17:29:30] Retrieving foreign keys for 'tipo' [type = TABLE]
[18 Jan 2012 17:29:30] Retrieving foreign keys for 'user_group' [type = TABLE]
[18 Jan 2012 17:29:30]   Found foreign key: column grupo_oid references grupo(oid)
[18 Jan 2012 17:29:30]   Found foreign key: column utilizador_oid references utilizador(oid)
[18 Jan 2012 17:29:30] Retrieving foreign keys for 'utilizador' [type = TABLE]
[18 Jan 2012 17:29:30]   Found foreign key: column grupo_oid references grupo(oid)
[18 Jan 2012 17:29:30] Retrieving auto-increment columns for 'comentario' [type = TABLE]
[18 Jan 2012 17:29:30] Retrieving auto-increment columns for 'evento' [type = TABLE]
[18 Jan 2012 17:29:30] Retrieving auto-increment columns for 'favoritos' [type = TABLE]
[18 Jan 2012 17:29:30] Retrieving auto-increment columns for 'group_module' [type = TABLE]
[18 Jan 2012 17:29:30] Retrieving auto-increment columns for 'grupo' [type = TABLE]
[18 Jan 2012 17:29:30] Retrieving auto-increment columns for 'module' [type = TABLE]
[18 Jan 2012 17:29:30] Retrieving auto-increment columns for 'newsletter' [type = TABLE]
[18 Jan 2012 17:29:30] Retrieving auto-increment columns for 'tipo' [type = TABLE]
[18 Jan 2012 17:29:30] Retrieving auto-increment columns for 'user_group' [type = TABLE]
[18 Jan 2012 17:29:30] Retrieving auto-increment columns for 'utilizador' [type = TABLE]
[18 Jan 2012 17:29:30]   Found auto-increment column: oid
[18 Jan 2012 17:29:30] Database connection closed
